-------------------------------------------------------------------------------
Test set: org.apache.jcs.JCSLightLoadUnitTest
-------------------------------------------------------------------------------
Tests run: 1, Failures: 0, Errors: 1, Skipped: 0, Time elapsed: 0.114 s <<< FAILURE! - in org.apache.jcs.JCSLightLoadUnitTest
testSimpleLoad(org.apache.jcs.JCSLightLoadUnitTest)  Time elapsed: 0.083 s  <<< ERROR!
java.lang.IllegalStateException: Failed to load properties for name [/TestSimpleLoad.ccf]
	at org.apache.jcs.JCSLightLoadUnitTest.setUp(JCSLightLoadUnitTest.java:45)

