<?xml version="1.0" encoding="UTF-8"?>
<testsuite xmlns:xsi="http://www.w3.org/2001/XMLSchema-instance" xsi:noNamespaceSchemaLocation="https://maven.apache.org/surefire/maven-surefire-plugin/xsd/surefire-test-report.xsd" name="org.apache.jcs.JCSLightLoadUnitTest" time="0.114" tests="1" errors="1" skipped="0" failures="0">
  <properties>
[...]
</properties>
  <testcase name="testSimpleLoad" classname="org.apache.jcs.JCSLightLoadUnitTest" time="0.083">
    <error message="Failed to load properties for name [/TestSimpleLoad.ccf]" type="java.lang.IllegalStateException">java.lang.IllegalStateException: Failed to load properties for name [/TestSimpleLoad.ccf]
	at org.apache.jcs.JCSLightLoadUnitTest.setUp(JCSLightLoadUnitTest.java:45)
</error>
    <system-err><![CDATA[log4j:WARN No appenders could be found for logger (org.apache.jcs.engine.control.CompositeCacheManager).
log4j:WARN Please initialize the log4j system properly.
]]></system-err>
  </testcase>
</testsuite>